<?xml version="1.0" encoding="UTF-8"?>
<!-- Generated by org.testng.reporters.JUnitReportReporter -->
<testsuite hostname="DESKTOP-I8HSVVO" failures="0" tests="13" name="Testcases.question_Bank" time="29.259" errors="0" timestamp="2023-07-20T17:00:23 IST" skipped="0">
  <testcase classname="Testcases.question_Bank" name="admin_Login_with_valid_cridentials" time="0.570"/>
  <system-out/>
  <testcase classname="Testcases.question_Bank" name="admin_Homepage_validation" time="4.684"/>
  <system-out/>
  <testcase classname="Testcases.question_Bank" name="click_Question_bank" time="3.726"/>
  <system-out/>
  <testcase classname="Testcases.question_Bank" name="click_create_question_bank_button" time="0.849"/>
  <system-out/>
  <testcase classname="Testcases.question_Bank" name="fill_the_ques_bank_name" time="1.069"/>
  <system-out/>
  <testcase classname="Testcases.question_Bank" name="select_QB_campus" time="1.078"/>
  <system-out/>
  <testcase classname="Testcases.question_Bank" name="select_QB_department" time="1.021"/>
  <system-out/>
  <testcase classname="Testcases.question_Bank" name="click_save_and_create_question" time="0.891"/>
  <system-out/>
  <testcase classname="Testcases.question_Bank" name="click_question_creation_button" time="1.799"/>
  <system-out/>
  <testcase classname="Testcases.question_Bank" name="select_Question_type" time="0.525"/>
  <system-out/>
  <testcase classname="Testcases.question_Bank" name="select_Question_subtype" time="0.534"/>
  <system-out/>
  <testcase classname="Testcases.question_Bank" name="create_a_MCQ_question" time="0.402"/>
  <system-out/>
  <testcase classname="Testcases.question_Bank" name="Add_mcq_question_options" time="12.111"/>
  <system-out/>
</testsuite> <!-- Testcases.question_Bank -->
