<?xml version="1.0" encoding="UTF-8"?>
<!-- Generated by org.testng.reporters.JUnitReportReporter -->
<testsuite hostname="DESKTOP-I8HSVVO" failures="0" tests="63" name="ai.iamneo.automation.testcases.dummy" time="158.681" errors="0" timestamp="2023-08-02T17:17:51 IST" skipped="0">
  <testcase classname="ai.iamneo.automation.testcases.dummy" name="adminLoginWithValidCridentials" time="0.711"/>
  <system-out/>
  <testcase classname="ai.iamneo.automation.testcases.dummy" name="adminHomepageValidation" time="7.184"/>
  <system-out/>
  <testcase classname="ai.iamneo.automation.testcases.dummy" name="clickManageStudentPage" time="0.491"/>
  <system-out/>
  <testcase classname="ai.iamneo.automation.testcases.dummy" name="clickStudentInviteButton" time="1.517"/>
  <system-out/>
  <testcase classname="ai.iamneo.automation.testcases.dummy" name="selectCampus" time="0.518"/>
  <system-out/>
  <testcase classname="ai.iamneo.automation.testcases.dummy" name="selectBatch" time="0.518"/>
  <system-out/>
  <testcase classname="ai.iamneo.automation.testcases.dummy" name="selectDegreeSpecialization" time="0.742"/>
  <system-out/>
  <testcase classname="ai.iamneo.automation.testcases.dummy" name="selectDepartment" time="0.434"/>
  <system-out/>
  <testcase classname="ai.iamneo.automation.testcases.dummy" name="enterEmailid" time="0.741"/>
  <system-out/>
  <testcase classname="ai.iamneo.automation.testcases.dummy" name="clickInviteButton" time="0.072"/>
  <system-out/>
  <testcase classname="ai.iamneo.automation.testcases.dummy" name="clickQuestionBank" time="5.705"/>
  <system-out/>
  <testcase classname="ai.iamneo.automation.testcases.dummy" name="clickCreateQuestionBankButton" time="1.224"/>
  <system-out/>
  <testcase classname="ai.iamneo.automation.testcases.dummy" name="fillQuesutionBankName" time="0.352"/>
  <system-out/>
  <testcase classname="ai.iamneo.automation.testcases.dummy" name="selectQuestionBankCampus" time="0.968"/>
  <system-out/>
  <testcase classname="ai.iamneo.automation.testcases.dummy" name="selectQuestionBankDepartment" time="1.003"/>
  <system-out/>
  <testcase classname="ai.iamneo.automation.testcases.dummy" name="clickSaveAndCreateQuestion" time="0.495"/>
  <system-out/>
  <testcase classname="ai.iamneo.automation.testcases.dummy" name="clickQuestionCreationButton" time="2.615"/>
  <system-out/>
  <testcase classname="ai.iamneo.automation.testcases.dummy" name="selectQuestionTypeForMCQ" time="0.404"/>
  <system-out/>
  <testcase classname="ai.iamneo.automation.testcases.dummy" name="selectQuestionSubtypeForMCQ" time="0.564"/>
  <system-out/>
  <testcase classname="ai.iamneo.automation.testcases.dummy" name="createMCQQuestion" time="0.265"/>
  <system-out/>
  <testcase classname="ai.iamneo.automation.testcases.dummy" name="addMCQQuestionOptions" time="1.500"/>
  <system-out/>
  <testcase classname="ai.iamneo.automation.testcases.dummy" name="selectQuestionSubtypeForMultiMCQ" time="0.720"/>
  <system-out/>
  <testcase classname="ai.iamneo.automation.testcases.dummy" name="createMultiMCQQuestion" time="4.356"/>
  <system-out/>
  <testcase classname="ai.iamneo.automation.testcases.dummy" name="addMCQMultiQuestionOptions" time="1.974"/>
  <system-out/>
  <testcase classname="ai.iamneo.automation.testcases.dummy" name="saveAndCloseTheQuestionBank" time="4.049"/>
  <system-out/>
  <testcase classname="ai.iamneo.automation.testcases.dummy" name="clicktheTestCreationMenu" time="4.026"/>
  <system-out/>
  <testcase classname="ai.iamneo.automation.testcases.dummy" name="enterTheNameOfTheTest" time="0.501"/>
  <system-out/>
  <testcase classname="ai.iamneo.automation.testcases.dummy" name="chooseTestType" time="0.614"/>
  <system-out/>
  <testcase classname="ai.iamneo.automation.testcases.dummy" name="chooseTestCampus" time="1.001"/>
  <system-out/>
  <testcase classname="ai.iamneo.automation.testcases.dummy" name="chooseTestDepartment" time="0.868"/>
  <system-out/>
  <testcase classname="ai.iamneo.automation.testcases.dummy" name="enterSectionName" time="2.031"/>
  <system-out/>
  <testcase classname="ai.iamneo.automation.testcases.dummy" name="enterSectionDurationAndClickSaveAndNextBtn" time="0.745"/>
  <system-out/>
  <testcase classname="ai.iamneo.automation.testcases.dummy" name="selectQuestionBankForTest" time="6.834"/>
  <system-out/>
  <testcase classname="ai.iamneo.automation.testcases.dummy" name="selectSectionForTest" time="0.563"/>
  <system-out/>
  <testcase classname="ai.iamneo.automation.testcases.dummy" name="addQuestionToSectionForTest" time="2.819"/>
  <system-out/>
  <testcase classname="ai.iamneo.automation.testcases.dummy" name="publishTheTest" time="2.313"/>
  <system-out/>
  <testcase classname="ai.iamneo.automation.testcases.dummy" name="clickCourseMenu" time="2.812"/>
  <system-out/>
  <testcase classname="ai.iamneo.automation.testcases.dummy" name="clickCourseCreationBtn" time="2.359"/>
  <system-out/>
  <testcase classname="ai.iamneo.automation.testcases.dummy" name="fillTheCourseName" time="0.851"/>
  <system-out/>
  <testcase classname="ai.iamneo.automation.testcases.dummy" name="selectPublishingType" time="1.028"/>
  <system-out/>
  <testcase classname="ai.iamneo.automation.testcases.dummy" name="selectSharedType" time="1.388"/>
  <system-out/>
  <testcase classname="ai.iamneo.automation.testcases.dummy" name="selectPretextForCourse" time="0.844"/>
  <system-out/>
  <testcase classname="ai.iamneo.automation.testcases.dummy" name="fillPublishingText" time="0.526"/>
  <system-out/>
  <testcase classname="ai.iamneo.automation.testcases.dummy" name="selectCourseValidityType" time="0.264"/>
  <system-out/>
  <testcase classname="ai.iamneo.automation.testcases.dummy" name="selectCourseValidityOfStartPeriod" time="0.440"/>
  <system-out/>
  <testcase classname="ai.iamneo.automation.testcases.dummy" name="selectCourseValidityOfEndPeriod" time="1.032"/>
  <system-out/>
  <testcase classname="ai.iamneo.automation.testcases.dummy" name="selectCampusForCourse" time="4.910"/>
  <system-out/>
  <testcase classname="ai.iamneo.automation.testcases.dummy" name="selectBatchForCourse" time="0.974"/>
  <system-out/>
  <testcase classname="ai.iamneo.automation.testcases.dummy" name="saveTheCourseDetailsAndMovetoModulesSection" time="0.272"/>
  <system-out/>
  <testcase classname="ai.iamneo.automation.testcases.dummy" name="addNewModuleAndEnterModuleName" time="2.477"/>
  <system-out/>
  <testcase classname="ai.iamneo.automation.testcases.dummy" name="addTestToTheCourseModule" time="7.560"/>
  <system-out/>
  <testcase classname="ai.iamneo.automation.testcases.dummy" name="clickSaveAndNextBtnAndGoToPublishScreen" time="1.766"/>
  <system-out/>
  <testcase classname="ai.iamneo.automation.testcases.dummy" name="publishCourse" time="1.317"/>
  <system-out/>
  <testcase classname="ai.iamneo.automation.testcases.dummy" name="moveToInviteStudentPage" time="1.108"/>
  <system-out/>
  <testcase classname="ai.iamneo.automation.testcases.dummy" name="selectStudentForEnrollment" time="4.441"/>
  <system-out/>
  <testcase classname="ai.iamneo.automation.testcases.dummy" name="publishTheCourse" time="0.406"/>
  <system-out/>
  <testcase classname="ai.iamneo.automation.testcases.dummy" name="studentPortalLogin" time="12.289"/>
  <system-out/>
  <testcase classname="ai.iamneo.automation.testcases.dummy" name="courseSelection" time="6.864"/>
  <system-out/>
  <testcase classname="ai.iamneo.automation.testcases.dummy" name="testTaking" time="3.073"/>
  <system-out/>
  <testcase classname="ai.iamneo.automation.testcases.dummy" name="mcqSingleQuestion" time="32.159"/>
  <system-out/>
  <testcase classname="ai.iamneo.automation.testcases.dummy" name="mcqMultipleQuestion" time="0.331"/>
  <system-out/>
  <testcase classname="ai.iamneo.automation.testcases.dummy" name="submitTest" time="0.693"/>
  <system-out/>
  <testcase classname="ai.iamneo.automation.testcases.dummy" name="courseDetailsPage" time="5.060"/>
  <system-out/>
</testsuite> <!-- ai.iamneo.automation.testcases.dummy -->
