<?xml version="1.0" encoding="UTF-8"?>
<!-- Generated by org.testng.reporters.JUnitReportReporter -->
<testsuite hostname="DESKTOP-I8HSVVO" failures="0" tests="63" name="Testcases.BvtSuite" time="124.350" errors="0" timestamp="2023-08-01T13:27:39 IST" skipped="0">
  <testcase classname="Testcases.BvtSuite" name="admin_Login_with_valid_cridentials" time="0.594"/>
  <system-out/>
  <testcase classname="Testcases.BvtSuite" name="admin_Homepage_validation" time="5.193"/>
  <system-out/>
  <testcase classname="Testcases.BvtSuite" name="click_Manage_student_Page" time="0.404"/>
  <system-out/>
  <testcase classname="Testcases.BvtSuite" name="click_Student_invite_Button" time="1.181"/>
  <system-out/>
  <testcase classname="Testcases.BvtSuite" name="select_Campus" time="0.751"/>
  <system-out/>
  <testcase classname="Testcases.BvtSuite" name="select_Batch" time="0.510"/>
  <system-out/>
  <testcase classname="Testcases.BvtSuite" name="select_Degree_Specialization" time="0.562"/>
  <system-out/>
  <testcase classname="Testcases.BvtSuite" name="select_Department" time="0.318"/>
  <system-out/>
  <testcase classname="Testcases.BvtSuite" name="enter_Emailid" time="0.475"/>
  <system-out/>
  <testcase classname="Testcases.BvtSuite" name="click_Invite_button" time="0.066"/>
  <system-out/>
  <testcase classname="Testcases.BvtSuite" name="click_Question_bank" time="2.229"/>
  <system-out/>
  <testcase classname="Testcases.BvtSuite" name="click_create_question_bank_button" time="2.040"/>
  <system-out/>
  <testcase classname="Testcases.BvtSuite" name="fill_the_ques_bank_name" time="0.316"/>
  <system-out/>
  <testcase classname="Testcases.BvtSuite" name="select_QB_campus" time="0.861"/>
  <system-out/>
  <testcase classname="Testcases.BvtSuite" name="select_QB_department" time="0.689"/>
  <system-out/>
  <testcase classname="Testcases.BvtSuite" name="click_save_and_create_question" time="0.609"/>
  <system-out/>
  <testcase classname="Testcases.BvtSuite" name="click_question_creation_button" time="1.279"/>
  <system-out/>
  <testcase classname="Testcases.BvtSuite" name="select_Question_type_for_MCQ" time="0.452"/>
  <system-out/>
  <testcase classname="Testcases.BvtSuite" name="select_Question_subtype_for_MCQ" time="0.207"/>
  <system-out/>
  <testcase classname="Testcases.BvtSuite" name="create_a_MCQ_question" time="0.241"/>
  <system-out/>
  <testcase classname="Testcases.BvtSuite" name="Add_mcq_question_options" time="1.138"/>
  <system-out/>
  <testcase classname="Testcases.BvtSuite" name="select_Question_subtype_for_multi_MCQ" time="0.547"/>
  <system-out/>
  <testcase classname="Testcases.BvtSuite" name="create_a_multi_MCQ_question" time="2.463"/>
  <system-out/>
  <testcase classname="Testcases.BvtSuite" name="Add_mcq_multi_question_options" time="0.903"/>
  <system-out/>
  <testcase classname="Testcases.BvtSuite" name="saveAndCloseTheQuestionBank" time="3.030"/>
  <system-out/>
  <testcase classname="Testcases.BvtSuite" name="clicktheTestcreationMenu" time="2.650"/>
  <system-out/>
  <testcase classname="Testcases.BvtSuite" name="enterTheNameOfTheTest" time="0.294"/>
  <system-out/>
  <testcase classname="Testcases.BvtSuite" name="chooseTestType" time="0.322"/>
  <system-out/>
  <testcase classname="Testcases.BvtSuite" name="chooseTestCampus" time="0.817"/>
  <system-out/>
  <testcase classname="Testcases.BvtSuite" name="chooseTestDepartment" time="0.488"/>
  <system-out/>
  <testcase classname="Testcases.BvtSuite" name="enterSectionName" time="1.059"/>
  <system-out/>
  <testcase classname="Testcases.BvtSuite" name="enterSectionDurationAndClickSaveAndNextBtn" time="0.319"/>
  <system-out/>
  <testcase classname="Testcases.BvtSuite" name="selectQuestionBankForTest" time="4.218"/>
  <system-out/>
  <testcase classname="Testcases.BvtSuite" name="selectSectionForTest" time="0.374"/>
  <system-out/>
  <testcase classname="Testcases.BvtSuite" name="addQuestionToSectionForTest" time="2.386"/>
  <system-out/>
  <testcase classname="Testcases.BvtSuite" name="publishTheTest" time="0.796"/>
  <system-out/>
  <testcase classname="Testcases.BvtSuite" name="clickCourseMenu" time="1.697"/>
  <system-out/>
  <testcase classname="Testcases.BvtSuite" name="clickCourseCreationBtn" time="1.488"/>
  <system-out/>
  <testcase classname="Testcases.BvtSuite" name="fillTheCourseName" time="0.464"/>
  <system-out/>
  <testcase classname="Testcases.BvtSuite" name="selectPublishingType" time="0.284"/>
  <system-out/>
  <testcase classname="Testcases.BvtSuite" name="selectSharedType" time="0.529"/>
  <system-out/>
  <testcase classname="Testcases.BvtSuite" name="selectPretextForCourse" time="0.434"/>
  <system-out/>
  <testcase classname="Testcases.BvtSuite" name="fillPublishingText" time="0.354"/>
  <system-out/>
  <testcase classname="Testcases.BvtSuite" name="selectCourseValidityType" time="0.198"/>
  <system-out/>
  <testcase classname="Testcases.BvtSuite" name="selectCourseValidityOfStartPeriod" time="0.347"/>
  <system-out/>
  <testcase classname="Testcases.BvtSuite" name="selectCourseValidityOfEndPeriod" time="1.146"/>
  <system-out/>
  <testcase classname="Testcases.BvtSuite" name="selectCampusForCourse" time="2.277"/>
  <system-out/>
  <testcase classname="Testcases.BvtSuite" name="selectBatchForCourse" time="0.480"/>
  <system-out/>
  <testcase classname="Testcases.BvtSuite" name="saveTheCourseDetailsAndMovetoModulesSection" time="0.111"/>
  <system-out/>
  <testcase classname="Testcases.BvtSuite" name="addNewModuleAndEnterModuleName" time="1.252"/>
  <system-out/>
  <testcase classname="Testcases.BvtSuite" name="addTestToTheCourseModule" time="5.966"/>
  <system-out/>
  <testcase classname="Testcases.BvtSuite" name="clickSaveAndNextBtnAndGoToPublishScreen" time="1.008"/>
  <system-out/>
  <testcase classname="Testcases.BvtSuite" name="publishCourse" time="0.678"/>
  <system-out/>
  <testcase classname="Testcases.BvtSuite" name="moveToInviteStudentPage" time="2.190"/>
  <system-out/>
  <testcase classname="Testcases.BvtSuite" name="selectStudentForEnrollment" time="2.518"/>
  <system-out/>
  <testcase classname="Testcases.BvtSuite" name="publishTheCourse" time="0.244"/>
  <system-out/>
  <testcase classname="Testcases.BvtSuite" name="studentPortalLogin" time="9.116"/>
  <system-out/>
  <testcase classname="Testcases.BvtSuite" name="Course_selection" time="5.288"/>
  <system-out/>
  <testcase classname="Testcases.BvtSuite" name="Test_taking" time="1.937"/>
  <system-out/>
  <testcase classname="Testcases.BvtSuite" name="MCQ_single_Question" time="30.551"/>
  <system-out/>
  <testcase classname="Testcases.BvtSuite" name="MCQ_multiple_Question" time="0.171"/>
  <system-out/>
  <testcase classname="Testcases.BvtSuite" name="submit_test" time="0.339"/>
  <system-out/>
  <testcase classname="Testcases.BvtSuite" name="course_details_page" time="12.502"/>
  <system-out/>
</testsuite> <!-- Testcases.BvtSuite -->
