<?xml version="1.0" encoding="UTF-8"?>
<!-- Generated by org.testng.reporters.JUnitReportReporter -->
<testsuite hostname="DESKTOP-I8HSVVO" failures="0" tests="28" name="Testcases.QuestionBank" time="95.636" errors="0" timestamp="2023-08-01T11:09:26 IST" skipped="0">
  <testcase classname="Testcases.QuestionBank" name="admin_Login_with_valid_cridentials" time="0.368"/>
  <system-out/>
  <testcase classname="Testcases.QuestionBank" name="admin_Homepage_validation" time="6.494"/>
  <system-out/>
  <testcase classname="Testcases.QuestionBank" name="clickCourseMenu" time="2.145"/>
  <system-out/>
  <testcase classname="Testcases.QuestionBank" name="clickCourseCreationBtn" time="6.109"/>
  <system-out/>
  <testcase classname="Testcases.QuestionBank" name="fillTheCourseName" time="0.477"/>
  <system-out/>
  <testcase classname="Testcases.QuestionBank" name="selectPublishingType" time="0.738"/>
  <system-out/>
  <testcase classname="Testcases.QuestionBank" name="selectSharedType" time="0.580"/>
  <system-out/>
  <testcase classname="Testcases.QuestionBank" name="selectPretextForCourse" time="0.468"/>
  <system-out/>
  <testcase classname="Testcases.QuestionBank" name="fillPublishingText" time="0.611"/>
  <system-out/>
  <testcase classname="Testcases.QuestionBank" name="selectCourseValidityType" time="0.157"/>
  <system-out/>
  <testcase classname="Testcases.QuestionBank" name="selectCourseValidityOfStartPeriod" time="0.385"/>
  <system-out/>
  <testcase classname="Testcases.QuestionBank" name="selectCourseValidityOfEndPeriod" time="0.701"/>
  <system-out/>
  <testcase classname="Testcases.QuestionBank" name="selectCampusForCourse" time="2.921"/>
  <system-out/>
  <testcase classname="Testcases.QuestionBank" name="selectBatchForCourse" time="0.590"/>
  <system-out/>
  <testcase classname="Testcases.QuestionBank" name="saveTheCourseDetailsAndMovetoModulesSection" time="0.128"/>
  <system-out/>
  <testcase classname="Testcases.QuestionBank" name="addNewModuleAndEnterModuleNAme" time="1.483"/>
  <system-out/>
  <testcase classname="Testcases.QuestionBank" name="addTestToTheCourseModule" time="5.915"/>
  <system-out/>
  <testcase classname="Testcases.QuestionBank" name="clickSaveAndNextBtnAndGoToPublishScreen" time="2.563"/>
  <system-out/>
  <testcase classname="Testcases.QuestionBank" name="publishCourse" time="0.718"/>
  <system-out/>
  <testcase classname="Testcases.QuestionBank" name="moveToInviteStudentPage" time="2.256"/>
  <system-out/>
  <testcase classname="Testcases.QuestionBank" name="selectStudentForEnrollment" time="2.540"/>
  <system-out/>
  <testcase classname="Testcases.QuestionBank" name="publishTheCourse" time="0.259"/>
  <system-out/>
  <testcase classname="Testcases.QuestionBank" name="studentPortalLogin" time="10.672"/>
  <system-out/>
  <testcase classname="Testcases.QuestionBank" name="Course_selection" time="6.525"/>
  <system-out/>
  <testcase classname="Testcases.QuestionBank" name="Test_taking" time="2.262"/>
  <system-out/>
  <testcase classname="Testcases.QuestionBank" name="MCQ_single_Question" time="32.558"/>
  <system-out/>
  <testcase classname="Testcases.QuestionBank" name="submit_test" time="0.399"/>
  <system-out/>
  <testcase classname="Testcases.QuestionBank" name="course_details_page" time="4.614"/>
  <system-out/>
</testsuite> <!-- Testcases.QuestionBank -->
