<?xml version="1.0" encoding="UTF-8"?>
<!-- Generated by org.testng.reporters.JUnitReportReporter -->
<testsuite hostname="DESKTOP-I8HSVVO" failures="0" tests="25" name="Testcases.bvt_suite" time="36.980" errors="0" timestamp="2023-07-21T14:01:11 IST" skipped="0">
  <testcase classname="Testcases.bvt_suite" name="admin_Login_with_valid_cridentials" time="0.536"/>
  <system-out/>
  <testcase classname="Testcases.bvt_suite" name="admin_Homepage_validation" time="4.636"/>
  <system-out/>
  <testcase classname="Testcases.bvt_suite" name="click_Manage_student_Page" time="1.454"/>
  <system-out/>
  <testcase classname="Testcases.bvt_suite" name="click_Student_invite_Button" time="0.381"/>
  <system-out/>
  <testcase classname="Testcases.bvt_suite" name="select_Campus" time="2.476"/>
  <system-out/>
  <testcase classname="Testcases.bvt_suite" name="select_Batch" time="0.795"/>
  <system-out/>
  <testcase classname="Testcases.bvt_suite" name="select_Degree_Specialization" time="0.938"/>
  <system-out/>
  <testcase classname="Testcases.bvt_suite" name="select_Department" time="0.627"/>
  <system-out/>
  <testcase classname="Testcases.bvt_suite" name="enter_Emailid" time="0.566"/>
  <system-out/>
  <testcase classname="Testcases.bvt_suite" name="click_Invite_button" time="0.105"/>
  <system-out/>
  <testcase classname="Testcases.bvt_suite" name="click_Question_bank" time="3.233"/>
  <system-out/>
  <testcase classname="Testcases.bvt_suite" name="click_create_question_bank_button" time="1.165"/>
  <system-out/>
  <testcase classname="Testcases.bvt_suite" name="fill_the_ques_bank_name" time="0.366"/>
  <system-out/>
  <testcase classname="Testcases.bvt_suite" name="select_QB_campus" time="1.030"/>
  <system-out/>
  <testcase classname="Testcases.bvt_suite" name="select_QB_department" time="0.817"/>
  <system-out/>
  <testcase classname="Testcases.bvt_suite" name="click_save_and_create_question" time="0.587"/>
  <system-out/>
  <testcase classname="Testcases.bvt_suite" name="click_question_creation_button" time="1.511"/>
  <system-out/>
  <testcase classname="Testcases.bvt_suite" name="select_Question_type_for_MCQ" time="0.427"/>
  <system-out/>
  <testcase classname="Testcases.bvt_suite" name="select_Question_subtype_for_MCQ" time="0.580"/>
  <system-out/>
  <testcase classname="Testcases.bvt_suite" name="create_a_MCQ_question" time="0.423"/>
  <system-out/>
  <testcase classname="Testcases.bvt_suite" name="Add_mcq_question_options" time="1.981"/>
  <system-out/>
  <testcase classname="Testcases.bvt_suite" name="select_Question_subtype_for_multi_MCQ" time="2.546"/>
  <system-out/>
  <testcase classname="Testcases.bvt_suite" name="create_a_multi_MCQ_question" time="2.332"/>
  <system-out/>
  <testcase classname="Testcases.bvt_suite" name="Add_mcq_multi_question_options" time="2.014"/>
  <system-out/>
  <testcase classname="Testcases.bvt_suite" name="save_Close_the_question_bank" time="5.454"/>
  <system-out/>
</testsuite> <!-- Testcases.bvt_suite -->
