<?xml version="1.0" encoding="UTF-8"?>
<!-- Generated by org.testng.reporters.JUnitReportReporter -->
<testsuite hostname="DESKTOP-I8HSVVO" failures="0" tests="1" name="Testcases.Login_Page" time="3.398" errors="0" timestamp="2023-07-17T13:45:35 IST" skipped="0">
  <testcase classname="Testcases.Login_Page" name="enter_username" time="3.398"/>
  <system-out/>
</testsuite> <!-- Testcases.Login_Page -->
